2024-12-18 22:20:31,204 - INFO - Starting the image processing script.
2024-12-18 22:20:31,204 - INFO - Processing images from directory: ./assets/input_images/
2024-12-18 22:20:31,205 - INFO - Applied custom processing function on: jetplane.tif
2024-12-18 22:20:31,211 - INFO - Image saved: ./cache/images/invert/processed_jetplane.tif
2024-12-18 22:20:31,212 - INFO - Successfully processed: jetplane.tif
2024-12-18 22:20:31,212 - INFO - Applied custom processing function on: lena_color_256.tif
2024-12-18 22:20:31,214 - INFO - Image saved: ./cache/images/invert/processed_lena_color_256.tif
2024-12-18 22:20:31,214 - INFO - Successfully processed: lena_color_256.tif
2024-12-18 22:20:31,217 - INFO - Applied custom processing function on: neg_peppers_gray.tif
2024-12-18 22:20:31,224 - INFO - Image saved: ./cache/images/invert/processed_neg_peppers_gray.tif
2024-12-18 22:20:31,224 - INFO - Successfully processed: neg_peppers_gray.tif
2024-12-18 22:20:31,224 - INFO - Applied custom processing function on: woman_blonde.tif
2024-12-18 22:20:31,231 - INFO - Image saved: ./cache/images/invert/processed_woman_blonde.tif
2024-12-18 22:20:31,231 - INFO - Successfully processed: woman_blonde.tif
2024-12-18 22:20:31,231 - INFO - Applied custom processing function on: house.tif
2024-12-18 22:20:31,237 - INFO - Image saved: ./cache/images/invert/processed_house.tif
2024-12-18 22:20:31,237 - INFO - Successfully processed: house.tif
2024-12-18 22:20:31,240 - INFO - Applied custom processing function on: neg_mandril_color.tif
2024-12-18 22:20:31,249 - INFO - Image saved: ./cache/images/invert/processed_neg_mandril_color.tif
2024-12-18 22:20:31,249 - INFO - Successfully processed: neg_mandril_color.tif
2024-12-18 22:20:31,251 - INFO - Applied custom processing function on: neg_lena_color_512.tif
2024-12-18 22:20:31,259 - INFO - Image saved: ./cache/images/invert/processed_neg_lena_color_512.tif
2024-12-18 22:20:31,259 - INFO - Successfully processed: neg_lena_color_512.tif
2024-12-18 22:20:31,262 - INFO - Applied custom processing function on: neg_lake.tif
2024-12-18 22:20:31,268 - INFO - Image saved: ./cache/images/invert/processed_neg_lake.tif
2024-12-18 22:20:31,268 - INFO - Successfully processed: neg_lake.tif
2024-12-18 22:20:31,270 - INFO - Applied custom processing function on: neg_mandril_gray.tif
2024-12-18 22:20:31,277 - INFO - Image saved: ./cache/images/invert/processed_neg_mandril_gray.tif
2024-12-18 22:20:31,277 - INFO - Successfully processed: neg_mandril_gray.tif
2024-12-18 22:20:31,279 - INFO - Applied custom processing function on: neg_lena_gray_512.tif
2024-12-18 22:20:31,286 - INFO - Image saved: ./cache/images/invert/processed_neg_lena_gray_512.tif
2024-12-18 22:20:31,286 - INFO - Successfully processed: neg_lena_gray_512.tif
2024-12-18 22:20:31,289 - INFO - Applied custom processing function on: neg_peppers_color.tif
2024-12-18 22:20:31,297 - INFO - Image saved: ./cache/images/invert/processed_neg_peppers_color.tif
2024-12-18 22:20:31,297 - INFO - Successfully processed: neg_peppers_color.tif
2024-12-18 22:20:31,298 - INFO - Applied custom processing function on: lena_gray_256.tif
2024-12-18 22:20:31,299 - INFO - Image saved: ./cache/images/invert/processed_lena_gray_256.tif
2024-12-18 22:20:31,299 - INFO - Successfully processed: lena_gray_256.tif
2024-12-18 22:20:31,302 - INFO - Applied custom processing function on: neg_pirate.tif
2024-12-18 22:20:31,308 - INFO - Image saved: ./cache/images/invert/processed_neg_pirate.tif
2024-12-18 22:20:31,308 - INFO - Successfully processed: neg_pirate.tif
2024-12-18 22:20:31,311 - INFO - Applied custom processing function on: neg_woman_darkhair.tif
2024-12-18 22:20:31,317 - INFO - Image saved: ./cache/images/invert/processed_neg_woman_darkhair.tif
2024-12-18 22:20:31,317 - INFO - Successfully processed: neg_woman_darkhair.tif
2024-12-18 22:20:31,318 - INFO - Applied custom processing function on: cameraman.tif
2024-12-18 22:20:31,324 - INFO - Image saved: ./cache/images/invert/processed_cameraman.tif
2024-12-18 22:20:31,324 - INFO - Successfully processed: cameraman.tif
2024-12-18 22:20:31,324 - INFO - Applied custom processing function on: pirate.tif
2024-12-18 22:20:31,331 - INFO - Image saved: ./cache/images/invert/processed_pirate.tif
2024-12-18 22:20:31,331 - INFO - Successfully processed: pirate.tif
2024-12-18 22:20:31,333 - INFO - Applied custom processing function on: neg_cameraman.tif
2024-12-18 22:20:31,339 - INFO - Image saved: ./cache/images/invert/processed_neg_cameraman.tif
2024-12-18 22:20:31,339 - INFO - Successfully processed: neg_cameraman.tif
2024-12-18 22:20:31,341 - INFO - Applied custom processing function on: neg_walkbridge.tif
2024-12-18 22:20:31,348 - INFO - Image saved: ./cache/images/invert/processed_neg_walkbridge.tif
2024-12-18 22:20:31,348 - INFO - Successfully processed: neg_walkbridge.tif
2024-12-18 22:20:31,348 - INFO - Applied custom processing function on: neg_lena_gray_256.tif
2024-12-18 22:20:31,350 - INFO - Image saved: ./cache/images/invert/processed_neg_lena_gray_256.tif
2024-12-18 22:20:31,350 - INFO - Successfully processed: neg_lena_gray_256.tif
2024-12-18 22:20:31,353 - INFO - Applied custom processing function on: neg_jetplane.tif
2024-12-18 22:20:31,359 - INFO - Image saved: ./cache/images/invert/processed_neg_jetplane.tif
2024-12-18 22:20:31,359 - INFO - Successfully processed: neg_jetplane.tif
2024-12-18 22:20:31,359 - INFO - Applied custom processing function on: woman_darkhair.tif
2024-12-18 22:20:31,366 - INFO - Image saved: ./cache/images/invert/processed_woman_darkhair.tif
2024-12-18 22:20:31,366 - INFO - Successfully processed: woman_darkhair.tif
2024-12-18 22:20:31,366 - INFO - Applied custom processing function on: peppers_color.tif
2024-12-18 22:20:31,375 - INFO - Image saved: ./cache/images/invert/processed_peppers_color.tif
2024-12-18 22:20:31,375 - INFO - Successfully processed: peppers_color.tif
2024-12-18 22:20:31,375 - INFO - Applied custom processing function on: peppers_gray.tif
2024-12-18 22:20:31,382 - INFO - Image saved: ./cache/images/invert/processed_peppers_gray.tif
2024-12-18 22:20:31,382 - INFO - Successfully processed: peppers_gray.tif
2024-12-18 22:20:31,384 - INFO - Applied custom processing function on: neg_woman_blonde.tif
2024-12-18 22:20:31,391 - INFO - Image saved: ./cache/images/invert/processed_neg_woman_blonde.tif
2024-12-18 22:20:31,391 - INFO - Successfully processed: neg_woman_blonde.tif
2024-12-18 22:20:31,391 - INFO - Applied custom processing function on: livingroom.tif
2024-12-18 22:20:31,398 - INFO - Image saved: ./cache/images/invert/processed_livingroom.tif
2024-12-18 22:20:31,398 - INFO - Successfully processed: livingroom.tif
2024-12-18 22:20:31,399 - INFO - Applied custom processing function on: lena_gray_512.tif
2024-12-18 22:20:31,405 - INFO - Image saved: ./cache/images/invert/processed_lena_gray_512.tif
2024-12-18 22:20:31,405 - INFO - Successfully processed: lena_gray_512.tif
2024-12-18 22:20:31,406 - INFO - Applied custom processing function on: walkbridge.tif
2024-12-18 22:20:31,412 - INFO - Image saved: ./cache/images/invert/processed_walkbridge.tif
2024-12-18 22:20:31,412 - INFO - Successfully processed: walkbridge.tif
2024-12-18 22:20:31,413 - INFO - Applied custom processing function on: mandril_color.tif
2024-12-18 22:20:31,421 - INFO - Image saved: ./cache/images/invert/processed_mandril_color.tif
2024-12-18 22:20:31,421 - INFO - Successfully processed: mandril_color.tif
2024-12-18 22:20:31,422 - INFO - Applied custom processing function on: lake.tif
2024-12-18 22:20:31,428 - INFO - Image saved: ./cache/images/invert/processed_lake.tif
2024-12-18 22:20:31,428 - INFO - Successfully processed: lake.tif
2024-12-18 22:20:31,430 - INFO - Applied custom processing function on: neg_house.tif
2024-12-18 22:20:31,436 - INFO - Image saved: ./cache/images/invert/processed_neg_house.tif
2024-12-18 22:20:31,436 - INFO - Successfully processed: neg_house.tif
2024-12-18 22:20:31,437 - INFO - Applied custom processing function on: lena_color_512.tif
2024-12-18 22:20:31,445 - INFO - Image saved: ./cache/images/invert/processed_lena_color_512.tif
2024-12-18 22:20:31,445 - INFO - Successfully processed: lena_color_512.tif
2024-12-18 22:20:31,446 - INFO - Applied custom processing function on: mandril_gray.tif
2024-12-18 22:20:31,452 - INFO - Image saved: ./cache/images/invert/processed_mandril_gray.tif
2024-12-18 22:20:31,452 - INFO - Successfully processed: mandril_gray.tif
2024-12-18 22:20:31,453 - INFO - Applied custom processing function on: neg_lena_color_256.tif
2024-12-18 22:20:31,455 - INFO - Image saved: ./cache/images/invert/processed_neg_lena_color_256.tif
2024-12-18 22:20:31,455 - INFO - Successfully processed: neg_lena_color_256.tif
2024-12-18 22:20:31,458 - INFO - Applied custom processing function on: neg_livingroom.tif
2024-12-18 22:20:31,465 - INFO - Image saved: ./cache/images/invert/processed_neg_livingroom.tif
2024-12-18 22:20:31,465 - INFO - Successfully processed: neg_livingroom.tif
2024-12-18 22:20:31,465 - INFO - Finished processing images.
2024-12-18 22:20:49,729 - INFO - Starting the image processing script.
2024-12-18 22:20:49,729 - INFO - Processing images from directory: ./assets/input_images/
2024-12-18 22:20:49,730 - INFO - Applied custom processing function on: jetplane.tif
2024-12-18 22:20:49,730 - INFO - Created directory: ./cache/images/invert
2024-12-18 22:20:49,737 - INFO - Image saved: ./cache/images/invert/processed_jetplane.tif
2024-12-18 22:20:49,737 - INFO - Successfully processed: jetplane.tif
2024-12-18 22:20:49,737 - INFO - Applied custom processing function on: lena_color_256.tif
2024-12-18 22:20:49,739 - INFO - Image saved: ./cache/images/invert/processed_lena_color_256.tif
2024-12-18 22:20:49,739 - INFO - Successfully processed: lena_color_256.tif
2024-12-18 22:20:49,742 - INFO - Applied custom processing function on: neg_peppers_gray.tif
2024-12-18 22:20:49,749 - INFO - Image saved: ./cache/images/invert/processed_neg_peppers_gray.tif
2024-12-18 22:20:49,749 - INFO - Successfully processed: neg_peppers_gray.tif
2024-12-18 22:20:49,749 - INFO - Applied custom processing function on: woman_blonde.tif
2024-12-18 22:20:49,756 - INFO - Image saved: ./cache/images/invert/processed_woman_blonde.tif
2024-12-18 22:20:49,756 - INFO - Successfully processed: woman_blonde.tif
2024-12-18 22:20:49,757 - INFO - Applied custom processing function on: house.tif
2024-12-18 22:20:49,763 - INFO - Image saved: ./cache/images/invert/processed_house.tif
2024-12-18 22:20:49,763 - INFO - Successfully processed: house.tif
2024-12-18 22:20:49,766 - INFO - Applied custom processing function on: neg_mandril_color.tif
2024-12-18 22:20:49,775 - INFO - Image saved: ./cache/images/invert/processed_neg_mandril_color.tif
2024-12-18 22:20:49,775 - INFO - Successfully processed: neg_mandril_color.tif
2024-12-18 22:20:49,778 - INFO - Applied custom processing function on: neg_lena_color_512.tif
2024-12-18 22:20:49,786 - INFO - Image saved: ./cache/images/invert/processed_neg_lena_color_512.tif
2024-12-18 22:20:49,786 - INFO - Successfully processed: neg_lena_color_512.tif
2024-12-18 22:20:49,788 - INFO - Applied custom processing function on: neg_lake.tif
2024-12-18 22:20:49,795 - INFO - Image saved: ./cache/images/invert/processed_neg_lake.tif
2024-12-18 22:20:49,795 - INFO - Successfully processed: neg_lake.tif
2024-12-18 22:20:49,797 - INFO - Applied custom processing function on: neg_mandril_gray.tif
2024-12-18 22:20:49,804 - INFO - Image saved: ./cache/images/invert/processed_neg_mandril_gray.tif
2024-12-18 22:20:49,804 - INFO - Successfully processed: neg_mandril_gray.tif
2024-12-18 22:20:49,806 - INFO - Applied custom processing function on: neg_lena_gray_512.tif
2024-12-18 22:20:49,813 - INFO - Image saved: ./cache/images/invert/processed_neg_lena_gray_512.tif
2024-12-18 22:20:49,813 - INFO - Successfully processed: neg_lena_gray_512.tif
2024-12-18 22:20:49,816 - INFO - Applied custom processing function on: neg_peppers_color.tif
2024-12-18 22:20:49,825 - INFO - Image saved: ./cache/images/invert/processed_neg_peppers_color.tif
2024-12-18 22:20:49,825 - INFO - Successfully processed: neg_peppers_color.tif
2024-12-18 22:20:49,825 - INFO - Applied custom processing function on: lena_gray_256.tif
2024-12-18 22:20:49,827 - INFO - Image saved: ./cache/images/invert/processed_lena_gray_256.tif
2024-12-18 22:20:49,827 - INFO - Successfully processed: lena_gray_256.tif
2024-12-18 22:20:49,829 - INFO - Applied custom processing function on: neg_pirate.tif
2024-12-18 22:20:49,836 - INFO - Image saved: ./cache/images/invert/processed_neg_pirate.tif
2024-12-18 22:20:49,836 - INFO - Successfully processed: neg_pirate.tif
2024-12-18 22:20:49,839 - INFO - Applied custom processing function on: neg_woman_darkhair.tif
2024-12-18 22:20:49,845 - INFO - Image saved: ./cache/images/invert/processed_neg_woman_darkhair.tif
2024-12-18 22:20:49,845 - INFO - Successfully processed: neg_woman_darkhair.tif
2024-12-18 22:20:49,846 - INFO - Applied custom processing function on: cameraman.tif
2024-12-18 22:20:49,852 - INFO - Image saved: ./cache/images/invert/processed_cameraman.tif
2024-12-18 22:20:49,852 - INFO - Successfully processed: cameraman.tif
2024-12-18 22:20:49,852 - INFO - Applied custom processing function on: pirate.tif
2024-12-18 22:20:49,859 - INFO - Image saved: ./cache/images/invert/processed_pirate.tif
2024-12-18 22:20:49,859 - INFO - Successfully processed: pirate.tif
2024-12-18 22:20:49,861 - INFO - Applied custom processing function on: neg_cameraman.tif
2024-12-18 22:20:49,868 - INFO - Image saved: ./cache/images/invert/processed_neg_cameraman.tif
2024-12-18 22:20:49,868 - INFO - Successfully processed: neg_cameraman.tif
2024-12-18 22:20:49,870 - INFO - Applied custom processing function on: neg_walkbridge.tif
2024-12-18 22:20:49,876 - INFO - Image saved: ./cache/images/invert/processed_neg_walkbridge.tif
2024-12-18 22:20:49,876 - INFO - Successfully processed: neg_walkbridge.tif
2024-12-18 22:20:49,877 - INFO - Applied custom processing function on: neg_lena_gray_256.tif
2024-12-18 22:20:49,879 - INFO - Image saved: ./cache/images/invert/processed_neg_lena_gray_256.tif
2024-12-18 22:20:49,879 - INFO - Successfully processed: neg_lena_gray_256.tif
2024-12-18 22:20:49,881 - INFO - Applied custom processing function on: neg_jetplane.tif
2024-12-18 22:20:49,888 - INFO - Image saved: ./cache/images/invert/processed_neg_jetplane.tif
2024-12-18 22:20:49,888 - INFO - Successfully processed: neg_jetplane.tif
2024-12-18 22:20:49,888 - INFO - Applied custom processing function on: woman_darkhair.tif
2024-12-18 22:20:49,895 - INFO - Image saved: ./cache/images/invert/processed_woman_darkhair.tif
2024-12-18 22:20:49,895 - INFO - Successfully processed: woman_darkhair.tif
2024-12-18 22:20:49,895 - INFO - Applied custom processing function on: peppers_color.tif
2024-12-18 22:20:49,903 - INFO - Image saved: ./cache/images/invert/processed_peppers_color.tif
2024-12-18 22:20:49,903 - INFO - Successfully processed: peppers_color.tif
2024-12-18 22:20:49,904 - INFO - Applied custom processing function on: peppers_gray.tif
2024-12-18 22:20:49,910 - INFO - Image saved: ./cache/images/invert/processed_peppers_gray.tif
2024-12-18 22:20:49,910 - INFO - Successfully processed: peppers_gray.tif
2024-12-18 22:20:49,913 - INFO - Applied custom processing function on: neg_woman_blonde.tif
2024-12-18 22:20:49,920 - INFO - Image saved: ./cache/images/invert/processed_neg_woman_blonde.tif
2024-12-18 22:20:49,920 - INFO - Successfully processed: neg_woman_blonde.tif
2024-12-18 22:20:49,920 - INFO - Applied custom processing function on: livingroom.tif
2024-12-18 22:20:49,927 - INFO - Image saved: ./cache/images/invert/processed_livingroom.tif
2024-12-18 22:20:49,927 - INFO - Successfully processed: livingroom.tif
2024-12-18 22:20:49,927 - INFO - Applied custom processing function on: lena_gray_512.tif
2024-12-18 22:20:49,934 - INFO - Image saved: ./cache/images/invert/processed_lena_gray_512.tif
2024-12-18 22:20:49,934 - INFO - Successfully processed: lena_gray_512.tif
2024-12-18 22:20:49,934 - INFO - Applied custom processing function on: walkbridge.tif
2024-12-18 22:20:49,941 - INFO - Image saved: ./cache/images/invert/processed_walkbridge.tif
2024-12-18 22:20:49,941 - INFO - Successfully processed: walkbridge.tif
2024-12-18 22:20:49,941 - INFO - Applied custom processing function on: mandril_color.tif
2024-12-18 22:20:49,949 - INFO - Image saved: ./cache/images/invert/processed_mandril_color.tif
2024-12-18 22:20:49,949 - INFO - Successfully processed: mandril_color.tif
2024-12-18 22:20:49,950 - INFO - Applied custom processing function on: lake.tif
2024-12-18 22:20:49,957 - INFO - Image saved: ./cache/images/invert/processed_lake.tif
2024-12-18 22:20:49,957 - INFO - Successfully processed: lake.tif
2024-12-18 22:20:49,958 - INFO - Applied custom processing function on: neg_house.tif
2024-12-18 22:20:49,964 - INFO - Image saved: ./cache/images/invert/processed_neg_house.tif
2024-12-18 22:20:49,964 - INFO - Successfully processed: neg_house.tif
2024-12-18 22:20:49,965 - INFO - Applied custom processing function on: lena_color_512.tif
2024-12-18 22:20:49,973 - INFO - Image saved: ./cache/images/invert/processed_lena_color_512.tif
2024-12-18 22:20:49,973 - INFO - Successfully processed: lena_color_512.tif
2024-12-18 22:20:49,973 - INFO - Applied custom processing function on: mandril_gray.tif
2024-12-18 22:20:49,979 - INFO - Image saved: ./cache/images/invert/processed_mandril_gray.tif
2024-12-18 22:20:49,980 - INFO - Successfully processed: mandril_gray.tif
2024-12-18 22:20:49,980 - INFO - Applied custom processing function on: neg_lena_color_256.tif
2024-12-18 22:20:49,982 - INFO - Image saved: ./cache/images/invert/processed_neg_lena_color_256.tif
2024-12-18 22:20:49,982 - INFO - Successfully processed: neg_lena_color_256.tif
2024-12-18 22:20:49,985 - INFO - Applied custom processing function on: neg_livingroom.tif
2024-12-18 22:20:49,992 - INFO - Image saved: ./cache/images/invert/processed_neg_livingroom.tif
2024-12-18 22:20:49,992 - INFO - Successfully processed: neg_livingroom.tif
2024-12-18 22:20:49,992 - INFO - Finished processing images.
2024-12-18 22:20:56,908 - INFO - Starting the image processing script.
2024-12-18 22:20:56,908 - INFO - Processing images from directory: ./assets/input_images/
2024-12-18 22:20:56,909 - INFO - Applied custom processing function on: jetplane.tif
2024-12-18 22:20:56,916 - INFO - Image saved: ./cache/images/invert/processed_jetplane.tif
2024-12-18 22:20:56,916 - INFO - Successfully processed: jetplane.tif
2024-12-18 22:20:56,916 - INFO - Applied custom processing function on: lena_color_256.tif
2024-12-18 22:20:56,918 - INFO - Image saved: ./cache/images/invert/processed_lena_color_256.tif
2024-12-18 22:20:56,918 - INFO - Successfully processed: lena_color_256.tif
2024-12-18 22:20:56,921 - INFO - Applied custom processing function on: neg_peppers_gray.tif
2024-12-18 22:20:56,928 - INFO - Image saved: ./cache/images/invert/processed_neg_peppers_gray.tif
2024-12-18 22:20:56,928 - INFO - Successfully processed: neg_peppers_gray.tif
2024-12-18 22:20:56,928 - INFO - Applied custom processing function on: woman_blonde.tif
2024-12-18 22:20:56,935 - INFO - Image saved: ./cache/images/invert/processed_woman_blonde.tif
2024-12-18 22:20:56,935 - INFO - Successfully processed: woman_blonde.tif
2024-12-18 22:20:56,936 - INFO - Applied custom processing function on: house.tif
2024-12-18 22:20:56,941 - INFO - Image saved: ./cache/images/invert/processed_house.tif
2024-12-18 22:20:56,941 - INFO - Successfully processed: house.tif
2024-12-18 22:20:56,945 - INFO - Applied custom processing function on: neg_mandril_color.tif
2024-12-18 22:20:56,953 - INFO - Image saved: ./cache/images/invert/processed_neg_mandril_color.tif
2024-12-18 22:20:56,953 - INFO - Successfully processed: neg_mandril_color.tif
2024-12-18 22:20:56,956 - INFO - Applied custom processing function on: neg_lena_color_512.tif
2024-12-18 22:20:56,964 - INFO - Image saved: ./cache/images/invert/processed_neg_lena_color_512.tif
2024-12-18 22:20:56,964 - INFO - Successfully processed: neg_lena_color_512.tif
2024-12-18 22:20:56,966 - INFO - Applied custom processing function on: neg_lake.tif
2024-12-18 22:20:56,973 - INFO - Image saved: ./cache/images/invert/processed_neg_lake.tif
2024-12-18 22:20:56,973 - INFO - Successfully processed: neg_lake.tif
2024-12-18 22:20:56,975 - INFO - Applied custom processing function on: neg_mandril_gray.tif
2024-12-18 22:20:56,981 - INFO - Image saved: ./cache/images/invert/processed_neg_mandril_gray.tif
2024-12-18 22:20:56,981 - INFO - Successfully processed: neg_mandril_gray.tif
2024-12-18 22:20:56,984 - INFO - Applied custom processing function on: neg_lena_gray_512.tif
2024-12-18 22:20:56,990 - INFO - Image saved: ./cache/images/invert/processed_neg_lena_gray_512.tif
2024-12-18 22:20:56,990 - INFO - Successfully processed: neg_lena_gray_512.tif
2024-12-18 22:20:56,993 - INFO - Applied custom processing function on: neg_peppers_color.tif
2024-12-18 22:20:57,002 - INFO - Image saved: ./cache/images/invert/processed_neg_peppers_color.tif
2024-12-18 22:20:57,002 - INFO - Successfully processed: neg_peppers_color.tif
2024-12-18 22:20:57,002 - INFO - Applied custom processing function on: lena_gray_256.tif
2024-12-18 22:20:57,004 - INFO - Image saved: ./cache/images/invert/processed_lena_gray_256.tif
2024-12-18 22:20:57,004 - INFO - Successfully processed: lena_gray_256.tif
2024-12-18 22:20:57,006 - INFO - Applied custom processing function on: neg_pirate.tif
2024-12-18 22:20:57,013 - INFO - Image saved: ./cache/images/invert/processed_neg_pirate.tif
2024-12-18 22:20:57,013 - INFO - Successfully processed: neg_pirate.tif
2024-12-18 22:20:57,015 - INFO - Applied custom processing function on: neg_woman_darkhair.tif
2024-12-18 22:20:57,022 - INFO - Image saved: ./cache/images/invert/processed_neg_woman_darkhair.tif
2024-12-18 22:20:57,022 - INFO - Successfully processed: neg_woman_darkhair.tif
2024-12-18 22:20:57,022 - INFO - Applied custom processing function on: cameraman.tif
2024-12-18 22:20:57,028 - INFO - Image saved: ./cache/images/invert/processed_cameraman.tif
2024-12-18 22:20:57,028 - INFO - Successfully processed: cameraman.tif
2024-12-18 22:20:57,029 - INFO - Applied custom processing function on: pirate.tif
2024-12-18 22:20:57,035 - INFO - Image saved: ./cache/images/invert/processed_pirate.tif
2024-12-18 22:20:57,035 - INFO - Successfully processed: pirate.tif
2024-12-18 22:20:57,038 - INFO - Applied custom processing function on: neg_cameraman.tif
2024-12-18 22:20:57,044 - INFO - Image saved: ./cache/images/invert/processed_neg_cameraman.tif
2024-12-18 22:20:57,044 - INFO - Successfully processed: neg_cameraman.tif
2024-12-18 22:20:57,047 - INFO - Applied custom processing function on: neg_walkbridge.tif
2024-12-18 22:20:57,053 - INFO - Image saved: ./cache/images/invert/processed_neg_walkbridge.tif
2024-12-18 22:20:57,053 - INFO - Successfully processed: neg_walkbridge.tif
2024-12-18 22:20:57,054 - INFO - Applied custom processing function on: neg_lena_gray_256.tif
2024-12-18 22:20:57,056 - INFO - Image saved: ./cache/images/invert/processed_neg_lena_gray_256.tif
2024-12-18 22:20:57,056 - INFO - Successfully processed: neg_lena_gray_256.tif
2024-12-18 22:20:57,058 - INFO - Applied custom processing function on: neg_jetplane.tif
2024-12-18 22:20:57,064 - INFO - Image saved: ./cache/images/invert/processed_neg_jetplane.tif
2024-12-18 22:20:57,064 - INFO - Successfully processed: neg_jetplane.tif
2024-12-18 22:20:57,065 - INFO - Applied custom processing function on: woman_darkhair.tif
2024-12-18 22:20:57,071 - INFO - Image saved: ./cache/images/invert/processed_woman_darkhair.tif
2024-12-18 22:20:57,071 - INFO - Successfully processed: woman_darkhair.tif
2024-12-18 22:20:57,072 - INFO - Applied custom processing function on: peppers_color.tif
2024-12-18 22:20:57,080 - INFO - Image saved: ./cache/images/invert/processed_peppers_color.tif
2024-12-18 22:20:57,080 - INFO - Successfully processed: peppers_color.tif
2024-12-18 22:20:57,080 - INFO - Applied custom processing function on: peppers_gray.tif
2024-12-18 22:20:57,087 - INFO - Image saved: ./cache/images/invert/processed_peppers_gray.tif
2024-12-18 22:20:57,087 - INFO - Successfully processed: peppers_gray.tif
2024-12-18 22:20:57,089 - INFO - Applied custom processing function on: neg_woman_blonde.tif
2024-12-18 22:20:57,096 - INFO - Image saved: ./cache/images/invert/processed_neg_woman_blonde.tif
2024-12-18 22:20:57,096 - INFO - Successfully processed: neg_woman_blonde.tif
2024-12-18 22:20:57,096 - INFO - Applied custom processing function on: livingroom.tif
2024-12-18 22:20:57,103 - INFO - Image saved: ./cache/images/invert/processed_livingroom.tif
2024-12-18 22:20:57,103 - INFO - Successfully processed: livingroom.tif
2024-12-18 22:20:57,103 - INFO - Applied custom processing function on: lena_gray_512.tif
2024-12-18 22:20:57,110 - INFO - Image saved: ./cache/images/invert/processed_lena_gray_512.tif
2024-12-18 22:20:57,110 - INFO - Successfully processed: lena_gray_512.tif
2024-12-18 22:20:57,110 - INFO - Applied custom processing function on: walkbridge.tif
2024-12-18 22:20:57,116 - INFO - Image saved: ./cache/images/invert/processed_walkbridge.tif
2024-12-18 22:20:57,116 - INFO - Successfully processed: walkbridge.tif
2024-12-18 22:20:57,117 - INFO - Applied custom processing function on: mandril_color.tif
2024-12-18 22:20:57,125 - INFO - Image saved: ./cache/images/invert/processed_mandril_color.tif
2024-12-18 22:20:57,125 - INFO - Successfully processed: mandril_color.tif
2024-12-18 22:20:57,125 - INFO - Applied custom processing function on: lake.tif
2024-12-18 22:20:57,132 - INFO - Image saved: ./cache/images/invert/processed_lake.tif
2024-12-18 22:20:57,132 - INFO - Successfully processed: lake.tif
2024-12-18 22:20:57,134 - INFO - Applied custom processing function on: neg_house.tif
2024-12-18 22:20:57,142 - INFO - Image saved: ./cache/images/invert/processed_neg_house.tif
2024-12-18 22:20:57,142 - INFO - Successfully processed: neg_house.tif
2024-12-18 22:20:57,142 - INFO - Applied custom processing function on: lena_color_512.tif
2024-12-18 22:20:57,150 - INFO - Image saved: ./cache/images/invert/processed_lena_color_512.tif
2024-12-18 22:20:57,150 - INFO - Successfully processed: lena_color_512.tif
2024-12-18 22:20:57,151 - INFO - Applied custom processing function on: mandril_gray.tif
2024-12-18 22:20:57,157 - INFO - Image saved: ./cache/images/invert/processed_mandril_gray.tif
2024-12-18 22:20:57,157 - INFO - Successfully processed: mandril_gray.tif
2024-12-18 22:20:57,158 - INFO - Applied custom processing function on: neg_lena_color_256.tif
2024-12-18 22:20:57,160 - INFO - Image saved: ./cache/images/invert/processed_neg_lena_color_256.tif
2024-12-18 22:20:57,160 - INFO - Successfully processed: neg_lena_color_256.tif
2024-12-18 22:20:57,163 - INFO - Applied custom processing function on: neg_livingroom.tif
2024-12-18 22:20:57,169 - INFO - Image saved: ./cache/images/invert/processed_neg_livingroom.tif
2024-12-18 22:20:57,169 - INFO - Successfully processed: neg_livingroom.tif
2024-12-18 22:20:57,169 - INFO - Finished processing images.
2024-12-18 22:21:29,228 - INFO - Starting the image processing script.
2024-12-18 22:21:29,228 - INFO - Processing images from directory: ./assets/input_images/
2024-12-18 22:21:29,229 - INFO - Applied custom processing function on: jetplane.tif
2024-12-18 22:21:29,236 - INFO - Image saved: ./cache/images/invert/processed_jetplane.tif
2024-12-18 22:21:29,236 - INFO - Successfully processed: jetplane.tif
2024-12-18 22:21:29,236 - INFO - Applied custom processing function on: lena_color_256.tif
2024-12-18 22:21:29,238 - INFO - Image saved: ./cache/images/invert/processed_lena_color_256.tif
2024-12-18 22:21:29,238 - INFO - Successfully processed: lena_color_256.tif
2024-12-18 22:21:29,241 - INFO - Applied custom processing function on: neg_peppers_gray.tif
2024-12-18 22:21:29,247 - INFO - Image saved: ./cache/images/invert/processed_neg_peppers_gray.tif
2024-12-18 22:21:29,247 - INFO - Successfully processed: neg_peppers_gray.tif
2024-12-18 22:21:29,248 - INFO - Applied custom processing function on: woman_blonde.tif
2024-12-18 22:21:29,255 - INFO - Image saved: ./cache/images/invert/processed_woman_blonde.tif
2024-12-18 22:21:29,255 - INFO - Successfully processed: woman_blonde.tif
2024-12-18 22:21:29,256 - INFO - Applied custom processing function on: house.tif
2024-12-18 22:21:29,261 - INFO - Image saved: ./cache/images/invert/processed_house.tif
2024-12-18 22:21:29,261 - INFO - Successfully processed: house.tif
2024-12-18 22:21:29,265 - INFO - Applied custom processing function on: neg_mandril_color.tif
2024-12-18 22:21:29,273 - INFO - Image saved: ./cache/images/invert/processed_neg_mandril_color.tif
2024-12-18 22:21:29,273 - INFO - Successfully processed: neg_mandril_color.tif
2024-12-18 22:21:29,276 - INFO - Applied custom processing function on: neg_lena_color_512.tif
2024-12-18 22:21:29,284 - INFO - Image saved: ./cache/images/invert/processed_neg_lena_color_512.tif
2024-12-18 22:21:29,284 - INFO - Successfully processed: neg_lena_color_512.tif
2024-12-18 22:21:29,286 - INFO - Applied custom processing function on: neg_lake.tif
2024-12-18 22:21:29,293 - INFO - Image saved: ./cache/images/invert/processed_neg_lake.tif
2024-12-18 22:21:29,293 - INFO - Successfully processed: neg_lake.tif
2024-12-18 22:21:29,295 - INFO - Applied custom processing function on: neg_mandril_gray.tif
2024-12-18 22:21:29,301 - INFO - Image saved: ./cache/images/invert/processed_neg_mandril_gray.tif
2024-12-18 22:21:29,301 - INFO - Successfully processed: neg_mandril_gray.tif
2024-12-18 22:21:29,304 - INFO - Applied custom processing function on: neg_lena_gray_512.tif
2024-12-18 22:21:29,310 - INFO - Image saved: ./cache/images/invert/processed_neg_lena_gray_512.tif
2024-12-18 22:21:29,310 - INFO - Successfully processed: neg_lena_gray_512.tif
2024-12-18 22:21:29,314 - INFO - Applied custom processing function on: neg_peppers_color.tif
2024-12-18 22:21:29,322 - INFO - Image saved: ./cache/images/invert/processed_neg_peppers_color.tif
2024-12-18 22:21:29,322 - INFO - Successfully processed: neg_peppers_color.tif
2024-12-18 22:21:29,322 - INFO - Applied custom processing function on: lena_gray_256.tif
2024-12-18 22:21:29,324 - INFO - Image saved: ./cache/images/invert/processed_lena_gray_256.tif
2024-12-18 22:21:29,324 - INFO - Successfully processed: lena_gray_256.tif
2024-12-18 22:21:29,327 - INFO - Applied custom processing function on: neg_pirate.tif
2024-12-18 22:21:29,333 - INFO - Image saved: ./cache/images/invert/processed_neg_pirate.tif
2024-12-18 22:21:29,333 - INFO - Successfully processed: neg_pirate.tif
2024-12-18 22:21:29,336 - INFO - Applied custom processing function on: neg_woman_darkhair.tif
2024-12-18 22:21:29,342 - INFO - Image saved: ./cache/images/invert/processed_neg_woman_darkhair.tif
2024-12-18 22:21:29,342 - INFO - Successfully processed: neg_woman_darkhair.tif
2024-12-18 22:21:29,343 - INFO - Applied custom processing function on: cameraman.tif
2024-12-18 22:21:29,349 - INFO - Image saved: ./cache/images/invert/processed_cameraman.tif
2024-12-18 22:21:29,349 - INFO - Successfully processed: cameraman.tif
2024-12-18 22:21:29,350 - INFO - Applied custom processing function on: pirate.tif
2024-12-18 22:21:29,356 - INFO - Image saved: ./cache/images/invert/processed_pirate.tif
2024-12-18 22:21:29,356 - INFO - Successfully processed: pirate.tif
2024-12-18 22:21:29,358 - INFO - Applied custom processing function on: neg_cameraman.tif
2024-12-18 22:21:29,365 - INFO - Image saved: ./cache/images/invert/processed_neg_cameraman.tif
2024-12-18 22:21:29,365 - INFO - Successfully processed: neg_cameraman.tif
2024-12-18 22:21:29,367 - INFO - Applied custom processing function on: neg_walkbridge.tif
2024-12-18 22:21:29,373 - INFO - Image saved: ./cache/images/invert/processed_neg_walkbridge.tif
2024-12-18 22:21:29,373 - INFO - Successfully processed: neg_walkbridge.tif
2024-12-18 22:21:29,374 - INFO - Applied custom processing function on: neg_lena_gray_256.tif
2024-12-18 22:21:29,376 - INFO - Image saved: ./cache/images/invert/processed_neg_lena_gray_256.tif
2024-12-18 22:21:29,376 - INFO - Successfully processed: neg_lena_gray_256.tif
2024-12-18 22:21:29,378 - INFO - Applied custom processing function on: neg_jetplane.tif
2024-12-18 22:21:29,384 - INFO - Image saved: ./cache/images/invert/processed_neg_jetplane.tif
2024-12-18 22:21:29,384 - INFO - Successfully processed: neg_jetplane.tif
2024-12-18 22:21:29,385 - INFO - Applied custom processing function on: woman_darkhair.tif
2024-12-18 22:21:29,391 - INFO - Image saved: ./cache/images/invert/processed_woman_darkhair.tif
2024-12-18 22:21:29,391 - INFO - Successfully processed: woman_darkhair.tif
2024-12-18 22:21:29,392 - INFO - Applied custom processing function on: peppers_color.tif
2024-12-18 22:21:29,400 - INFO - Image saved: ./cache/images/invert/processed_peppers_color.tif
2024-12-18 22:21:29,400 - INFO - Successfully processed: peppers_color.tif
2024-12-18 22:21:29,400 - INFO - Applied custom processing function on: peppers_gray.tif
2024-12-18 22:21:29,407 - INFO - Image saved: ./cache/images/invert/processed_peppers_gray.tif
2024-12-18 22:21:29,407 - INFO - Successfully processed: peppers_gray.tif
2024-12-18 22:21:29,410 - INFO - Applied custom processing function on: neg_woman_blonde.tif
2024-12-18 22:21:29,417 - INFO - Image saved: ./cache/images/invert/processed_neg_woman_blonde.tif
2024-12-18 22:21:29,417 - INFO - Successfully processed: neg_woman_blonde.tif
2024-12-18 22:21:29,417 - INFO - Applied custom processing function on: livingroom.tif
2024-12-18 22:21:29,424 - INFO - Image saved: ./cache/images/invert/processed_livingroom.tif
2024-12-18 22:21:29,424 - INFO - Successfully processed: livingroom.tif
2024-12-18 22:21:29,424 - INFO - Applied custom processing function on: lena_gray_512.tif
2024-12-18 22:21:29,430 - INFO - Image saved: ./cache/images/invert/processed_lena_gray_512.tif
2024-12-18 22:21:29,430 - INFO - Successfully processed: lena_gray_512.tif
2024-12-18 22:21:29,431 - INFO - Applied custom processing function on: walkbridge.tif
2024-12-18 22:21:29,437 - INFO - Image saved: ./cache/images/invert/processed_walkbridge.tif
2024-12-18 22:21:29,437 - INFO - Successfully processed: walkbridge.tif
2024-12-18 22:21:29,437 - INFO - Applied custom processing function on: mandril_color.tif
2024-12-18 22:21:29,446 - INFO - Image saved: ./cache/images/invert/processed_mandril_color.tif
2024-12-18 22:21:29,446 - INFO - Successfully processed: mandril_color.tif
2024-12-18 22:21:29,446 - INFO - Applied custom processing function on: lake.tif
2024-12-18 22:21:29,453 - INFO - Image saved: ./cache/images/invert/processed_lake.tif
2024-12-18 22:21:29,453 - INFO - Successfully processed: lake.tif
2024-12-18 22:21:29,455 - INFO - Applied custom processing function on: neg_house.tif
2024-12-18 22:21:29,460 - INFO - Image saved: ./cache/images/invert/processed_neg_house.tif
2024-12-18 22:21:29,460 - INFO - Successfully processed: neg_house.tif
2024-12-18 22:21:29,461 - INFO - Applied custom processing function on: lena_color_512.tif
2024-12-18 22:21:29,468 - INFO - Image saved: ./cache/images/invert/processed_lena_color_512.tif
2024-12-18 22:21:29,468 - INFO - Successfully processed: lena_color_512.tif
2024-12-18 22:21:29,469 - INFO - Applied custom processing function on: mandril_gray.tif
2024-12-18 22:21:29,475 - INFO - Image saved: ./cache/images/invert/processed_mandril_gray.tif
2024-12-18 22:21:29,475 - INFO - Successfully processed: mandril_gray.tif
2024-12-18 22:21:29,476 - INFO - Applied custom processing function on: neg_lena_color_256.tif
2024-12-18 22:21:29,478 - INFO - Image saved: ./cache/images/invert/processed_neg_lena_color_256.tif
2024-12-18 22:21:29,478 - INFO - Successfully processed: neg_lena_color_256.tif
2024-12-18 22:21:29,480 - INFO - Applied custom processing function on: neg_livingroom.tif
2024-12-18 22:21:29,487 - INFO - Image saved: ./cache/images/invert/processed_neg_livingroom.tif
2024-12-18 22:21:29,487 - INFO - Successfully processed: neg_livingroom.tif
2024-12-18 22:21:29,487 - INFO - Finished processing images.
